This is pdfTeX, Version 3.141592653-2.6-1.40.22 (TeX Live 2021) (preloaded format=pdflatex 2022.1.11)  15 NOV 2022 15:10
entering extended mode
 restricted \write18 enabled.
 file:line:error style messages enabled.
 %&-line parsing enabled.
**"/home/yoaveshel/Dropbox/Studies/Math/Year 4/Semester 1/Category Theory/Solutions/main.tex"
(/home/yoaveshel/Dropbox/Studies/Math/Year 4/Semester 1/Category Theory/Solutions/main.tex
LaTeX2e <2020-10-01> patch level 4
L3 programming layer <2021-05-07> (/usr/share/texlive/texmf-dist/tex/latex/base/article.cls
Document Class: article 2020/04/10 v1.4m Standard LaTeX document class
(/usr/share/texlive/texmf-dist/tex/latex/base/size10.clo
File: size10.clo 2020/04/10 v1.4m Standard LaTeX file (size option)
)
\c@part=\count179
\c@section=\count180
\c@subsection=\count181
\c@subsubsection=\count182
\c@paragraph=\count183
\c@subparagraph=\count184
\c@figure=\count185
\c@table=\count186
\abovecaptionskip=\skip47
\belowcaptionskip=\skip48
\bibindent=\dimen138
) (./preamble.sty (/usr/share/texlive/texmf-dist/tex/generic/babel/babel.sty
Package: babel 2021/04/26 3.58 The Babel package
 (/usr/share/texlive/texmf-dist/tex/generic/babel/babel.def
File: babel.def 2021/04/26 3.58 Babel common definitions
\babel@savecnt=\count187
\U@D=\dimen139
\l@unhyphenated=\language48
 (/usr/share/texlive/texmf-dist/tex/generic/babel/txtbabel.def)
\bbl@readstream=\read2
)
\bbl@dirlevel=\count188
 (/usr/share/texlive/texmf-dist/tex/generic/babel-english/english.ldf
Language: english 2017/06/06 v3.3r English support from the babel system
Package babel Info: Hyphen rules for 'canadian' set to \l@english
(babel)             (\language0). Reported on input line 102.
Package babel Info: Hyphen rules for 'australian' set to \l@ukenglish
(babel)             (\language15). Reported on input line 105.
Package babel Info: Hyphen rules for 'newzealand' set to \l@ukenglish
(babel)             (\language15). Reported on input line 108.
)) (/usr/share/texlive/texmf-dist/tex/latex/amsmath/amsmath.sty
Package: amsmath 2020/09/23 v2.17i AMS math features
\@mathmargin=\skip49

For additional information on amsmath, use the `?' option.
(/usr/share/texlive/texmf-dist/tex/latex/amsmath/amstext.sty
Package: amstext 2000/06/29 v2.01 AMS text
 (/usr/share/texlive/texmf-dist/tex/latex/amsmath/amsgen.sty
File: amsgen.sty 1999/11/30 v2.0 generic functions
\@emptytoks=\toks15
\ex@=\dimen140
)) (/usr/share/texlive/texmf-dist/tex/latex/amsmath/amsbsy.sty
Package: amsbsy 1999/11/29 v1.2d Bold Symbols
\pmbraise@=\dimen141
) (/usr/share/texlive/texmf-dist/tex/latex/amsmath/amsopn.sty
Package: amsopn 2016/03/08 v2.02 operator names
)
\inf@bad=\count189
LaTeX Info: Redefining \frac on input line 234.
\uproot@=\count190
\leftroot@=\count191
LaTeX Info: Redefining \overline on input line 399.
\classnum@=\count192
\DOTSCASE@=\count193
LaTeX Info: Redefining \ldots on input line 496.
LaTeX Info: Redefining \dots on input line 499.
LaTeX Info: Redefining \cdots on input line 620.
\Mathstrutbox@=\box47
\strutbox@=\box48
\big@size=\dimen142
LaTeX Font Info:    Redeclaring font encoding OML on input line 743.
LaTeX Font Info:    Redeclaring font encoding OMS on input line 744.
\macc@depth=\count194
\c@MaxMatrixCols=\count195
\dotsspace@=\muskip16
\c@parentequation=\count196
\dspbrk@lvl=\count197
\tag@help=\toks16
\row@=\count198
\column@=\count199
\maxfields@=\count266
\andhelp@=\toks17
\eqnshift@=\dimen143
\alignsep@=\dimen144
\tagshift@=\dimen145
\tagwidth@=\dimen146
\totwidth@=\dimen147
\lineht@=\dimen148
\@envbody=\toks18
\multlinegap=\skip50
\multlinetaggap=\skip51
\mathdisplay@stack=\toks19
LaTeX Info: Redefining \[ on input line 2923.
LaTeX Info: Redefining \] on input line 2924.
) (/usr/share/texlive/texmf-dist/tex/latex/amsfonts/amssymb.sty
Package: amssymb 2013/01/14 v3.01 AMS font symbols
 (/usr/share/texlive/texmf-dist/tex/latex/amsfonts/amsfonts.sty
Package: amsfonts 2013/01/14 v3.01 Basic AMSFonts support
\symAMSa=\mathgroup4
\symAMSb=\mathgroup5
LaTeX Font Info:    Redeclaring math symbol \hbar on input line 98.
LaTeX Font Info:    Overwriting math alphabet `\mathfrak' in version `bold'
(Font)                  U/euf/m/n --> U/euf/b/n on input line 106.
)) (/usr/share/texlive/texmf-dist/tex/latex/amscls/amsthm.sty
Package: amsthm 2020/05/29 v2.20.6
\thm@style=\toks20
\thm@bodyfont=\toks21
\thm@headfont=\toks22
\thm@notefont=\toks23
\thm@headpunct=\toks24
\thm@preskip=\skip52
\thm@postskip=\skip53
\thm@headsep=\skip54
\dth@everypar=\toks25
) (/usr/share/texlive/texmf-dist/tex/latex/titlesec/titlesec.sty
Package: titlesec 2019/10/16 v2.13 Sectioning titles
\ttl@box=\box49
\beforetitleunit=\skip55
\aftertitleunit=\skip56
\ttl@plus=\dimen149
\ttl@minus=\dimen150
\ttl@toksa=\toks26
\titlewidth=\dimen151
\titlewidthlast=\dimen152
\titlewidthfirst=\dimen153
) (/usr/share/texlive/texmf-dist/tex/latex/titlesec/titletoc.sty
Package: titletoc 2019/10/16 v2.13 TOC entries
\ttl@leftsep=\dimen154
) (/usr/share/texlive/texmf-dist/tex/latex/csquotes/csquotes.sty
Package: csquotes 2021-02-22 v5.2l context-sensitive quotations (JAW)
 (/usr/share/texlive/texmf-dist/tex/latex/etoolbox/etoolbox.sty
Package: etoolbox 2020/10/05 v2.5k e-TeX tools for LaTeX (JAW)
\etb@tempcnta=\count267
) (/usr/share/texlive/texmf-dist/tex/latex/graphics/keyval.sty
Package: keyval 2014/10/28 v1.15 key=value parser (DPC)
\KV@toks@=\toks27
)
\csq@reset=\count268
\csq@gtype=\count269
\csq@glevel=\count270
\csq@qlevel=\count271
\csq@maxlvl=\count272
\csq@tshold=\count273
\csq@ltx@everypar=\toks28
 (/usr/share/texlive/texmf-dist/tex/latex/csquotes/csquotes.def
File: csquotes.def 2021-02-22 v5.2l csquotes generic definitions (JAW)
)
Package csquotes Info: Trying to load configuration file 'csquotes.cfg'...
Package csquotes Info: ... configuration file loaded successfully.
 (/usr/share/texlive/texmf-dist/tex/latex/csquotes/csquotes.cfg
File: csquotes.cfg 
)) (/usr/share/texlive/texmf-dist/tex/latex/lipsum/lipsum.sty (/usr/share/texlive/texmf-dist/tex/latex/l3kernel/expl3.sty
Package: expl3 2021-05-07 L3 programming layer (loader) 
 (/usr/share/texlive/texmf-dist/tex/latex/l3backend/l3backend-pdftex.def
File: l3backend-pdftex.def 2021-05-07 L3 backend support: PDF output (pdfTeX)
\l__color_backend_stack_int=\count274
\l__pdf_internal_box=\box50
)) (/usr/share/texlive/texmf-dist/tex/latex/l3packages/xparse/xparse.sty (/usr/share/texlive/texmf-dist/tex/latex/l3packages/xparse/xparse-2020-10-01.sty (/usr/share/texlive/texmf-dist/tex/latex/l3packages/xparse/xparse-generic.tex)))
Package: lipsum 2021-03-03 v2.3 150 paragraphs of Lorem Ipsum dummy text
 (/usr/share/texlive/texmf-dist/tex/latex/lipsum/lipsum.ltd.tex
File: lipsum.ltd.tex 2021-03-03 v2.3 The Lorem ipsum dummy text
)) (/usr/share/texlive/texmf-dist/tex/latex/mathtools/mathtools.sty
Package: mathtools 2021/04/12 v1.27 mathematical typesetting tools
 (/usr/share/texlive/texmf-dist/tex/latex/tools/calc.sty
Package: calc 2017/05/25 v4.3 Infix arithmetic (KKT,FJ)
\calc@Acount=\count275
\calc@Bcount=\count276
\calc@Adimen=\dimen155
\calc@Bdimen=\dimen156
\calc@Askip=\skip57
\calc@Bskip=\skip58
LaTeX Info: Redefining \setlength on input line 80.
LaTeX Info: Redefining \addtolength on input line 81.
\calc@Ccount=\count277
\calc@Cskip=\skip59
) (/usr/share/texlive/texmf-dist/tex/latex/mathtools/mhsetup.sty
Package: mhsetup 2021/03/18 v1.4 programming setup (MH)
)
LaTeX Info: Thecontrolsequence`\('isalreadyrobust on input line 130.
LaTeX Info: Thecontrolsequence`\)'isalreadyrobust on input line 130.
LaTeX Info: Thecontrolsequence`\['isalreadyrobust on input line 130.
LaTeX Info: Thecontrolsequence`\]'isalreadyrobust on input line 130.
\g_MT_multlinerow_int=\count278
\l_MT_multwidth_dim=\dimen157
\origjot=\skip60
\l_MT_shortvdotswithinadjustabove_dim=\dimen158
\l_MT_shortvdotswithinadjustbelow_dim=\dimen159
\l_MT_above_intertext_sep=\dimen160
\l_MT_below_intertext_sep=\dimen161
\l_MT_above_shortintertext_sep=\dimen162
\l_MT_below_shortintertext_sep=\dimen163
\xmathstrut@box=\box51
\xmathstrut@dim=\dimen164
) (/usr/share/texlive/texmf-dist/tex/latex/enumitem/enumitem.sty
Package: enumitem 2019/06/20 v3.9 Customized lists
\labelindent=\skip61
\enit@outerparindent=\dimen165
\enit@toks=\toks29
\enit@inbox=\box52
\enit@count@id=\count279
\enitdp@description=\count280
) (/usr/share/texlive/texmf-dist/tex/latex/pgf/frontendlayer/tikz.sty (/usr/share/texlive/texmf-dist/tex/latex/pgf/basiclayer/pgf.sty (/usr/share/texlive/texmf-dist/tex/latex/pgf/utilities/pgfrcs.sty (/usr/share/texlive/texmf-dist/tex/generic/pgf/utilities/pgfutil-common.tex
\pgfutil@everybye=\toks30
\pgfutil@tempdima=\dimen166
\pgfutil@tempdimb=\dimen167
 (/usr/share/texlive/texmf-dist/tex/generic/pgf/utilities/pgfutil-common-lists.tex)) (/usr/share/texlive/texmf-dist/tex/generic/pgf/utilities/pgfutil-latex.def
\pgfutil@abb=\box53
) (/usr/share/texlive/texmf-dist/tex/generic/pgf/utilities/pgfrcs.code.tex (/usr/share/texlive/texmf-dist/tex/generic/pgf/pgf.revision.tex)
Package: pgfrcs 2020/12/27 v3.1.8b (3.1.8b)
))
Package: pgf 2020/12/27 v3.1.8b (3.1.8b)
 (/usr/share/texlive/texmf-dist/tex/latex/pgf/basiclayer/pgfcore.sty (/usr/share/texlive/texmf-dist/tex/latex/graphics/graphicx.sty
Package: graphicx 2020/09/09 v1.2b Enhanced LaTeX Graphics (DPC,SPQR)
 (/usr/share/texlive/texmf-dist/tex/latex/graphics/graphics.sty
Package: graphics 2020/08/30 v1.4c Standard LaTeX Graphics (DPC,SPQR)
 (/usr/share/texlive/texmf-dist/tex/latex/graphics/trig.sty
Package: trig 2016/01/03 v1.10 sin cos tan (DPC)
) (/usr/share/texlive/texmf-dist/tex/latex/graphics-cfg/graphics.cfg
File: graphics.cfg 2016/06/04 v1.11 sample graphics configuration
)
Package graphics Info: Driver file: pdftex.def on input line 105.
 (/usr/share/texlive/texmf-dist/tex/latex/graphics-def/pdftex.def
File: pdftex.def 2020/10/05 v1.2a Graphics/color driver for pdftex
))
\Gin@req@height=\dimen168
\Gin@req@width=\dimen169
) (/usr/share/texlive/texmf-dist/tex/latex/pgf/systemlayer/pgfsys.sty (/usr/share/texlive/texmf-dist/tex/generic/pgf/systemlayer/pgfsys.code.tex
Package: pgfsys 2020/12/27 v3.1.8b (3.1.8b)
 (/usr/share/texlive/texmf-dist/tex/generic/pgf/utilities/pgfkeys.code.tex
\pgfkeys@pathtoks=\toks31
\pgfkeys@temptoks=\toks32
 (/usr/share/texlive/texmf-dist/tex/generic/pgf/utilities/pgfkeysfiltered.code.tex
\pgfkeys@tmptoks=\toks33
))
\pgf@x=\dimen170
\pgf@y=\dimen171
\pgf@xa=\dimen172
\pgf@ya=\dimen173
\pgf@xb=\dimen174
\pgf@yb=\dimen175
\pgf@xc=\dimen176
\pgf@yc=\dimen177
\pgf@xd=\dimen178
\pgf@yd=\dimen179
\w@pgf@writea=\write3
\r@pgf@reada=\read3
\c@pgf@counta=\count281
\c@pgf@countb=\count282
\c@pgf@countc=\count283
\c@pgf@countd=\count284
\t@pgf@toka=\toks34
\t@pgf@tokb=\toks35
\t@pgf@tokc=\toks36
\pgf@sys@id@count=\count285
 (/usr/share/texlive/texmf-dist/tex/generic/pgf/systemlayer/pgf.cfg
File: pgf.cfg 2020/12/27 v3.1.8b (3.1.8b)
)
Driver file for pgf: pgfsys-pdftex.def
 (/usr/share/texlive/texmf-dist/tex/generic/pgf/systemlayer/pgfsys-pdftex.def
File: pgfsys-pdftex.def 2020/12/27 v3.1.8b (3.1.8b)
 (/usr/share/texlive/texmf-dist/tex/generic/pgf/systemlayer/pgfsys-common-pdf.def
File: pgfsys-common-pdf.def 2020/12/27 v3.1.8b (3.1.8b)
))) (/usr/share/texlive/texmf-dist/tex/generic/pgf/systemlayer/pgfsyssoftpath.code.tex
File: pgfsyssoftpath.code.tex 2020/12/27 v3.1.8b (3.1.8b)
\pgfsyssoftpath@smallbuffer@items=\count286
\pgfsyssoftpath@bigbuffer@items=\count287
) (/usr/share/texlive/texmf-dist/tex/generic/pgf/systemlayer/pgfsysprotocol.code.tex
File: pgfsysprotocol.code.tex 2020/12/27 v3.1.8b (3.1.8b)
)) (/usr/share/texlive/texmf-dist/tex/latex/xcolor/xcolor.sty
Package: xcolor 2016/05/11 v2.12 LaTeX color extensions (UK)
 (/usr/share/texlive/texmf-dist/tex/latex/graphics-cfg/color.cfg
File: color.cfg 2016/01/02 v1.6 sample color configuration
)
Package xcolor Info: Driver file: pdftex.def on input line 225.
Package xcolor Info: Model `cmy' substituted by `cmy0' on input line 1348.
Package xcolor Info: Model `hsb' substituted by `rgb' on input line 1352.
Package xcolor Info: Model `RGB' extended on input line 1364.
Package xcolor Info: Model `HTML' substituted by `rgb' on input line 1366.
Package xcolor Info: Model `Hsb' substituted by `hsb' on input line 1367.
Package xcolor Info: Model `tHsb' substituted by `hsb' on input line 1368.
Package xcolor Info: Model `HSB' substituted by `hsb' on input line 1369.
Package xcolor Info: Model `Gray' substituted by `gray' on input line 1370.
Package xcolor Info: Model `wave' substituted by `hsb' on input line 1371.
) (/usr/share/texlive/texmf-dist/tex/generic/pgf/basiclayer/pgfcore.code.tex
Package: pgfcore 2020/12/27 v3.1.8b (3.1.8b)
 (/usr/share/texlive/texmf-dist/tex/generic/pgf/math/pgfmath.code.tex (/usr/share/texlive/texmf-dist/tex/generic/pgf/math/pgfmathcalc.code.tex (/usr/share/texlive/texmf-dist/tex/generic/pgf/math/pgfmathutil.code.tex) (/usr/share/texlive/texmf-dist/tex/generic/pgf/math/pgfmathparser.code.tex
\pgfmath@dimen=\dimen180
\pgfmath@count=\count288
\pgfmath@box=\box54
\pgfmath@toks=\toks37
\pgfmath@stack@operand=\toks38
\pgfmath@stack@operation=\toks39
) (/usr/share/texlive/texmf-dist/tex/generic/pgf/math/pgfmathfunctions.code.tex (/usr/share/texlive/texmf-dist/tex/generic/pgf/math/pgfmathfunctions.basic.code.tex) (/usr/share/texlive/texmf-dist/tex/generic/pgf/math/pgfmathfunctions.trigonometric.code.tex) (/usr/share/texlive/texmf-dist/tex/generic/pgf/math/pgfmathfunctions.random.code.tex) (/usr/share/texlive/texmf-dist/tex/generic/pgf/math/pgfmathfunctions.comparison.code.tex) (/usr/share/texlive/texmf-dist/tex/generic/pgf/math/pgfmathfunctions.base.code.tex) (/usr/share/texlive/texmf-dist/tex/generic/pgf/math/pgfmathfunctions.round.code.tex) (/usr/share/texlive/texmf-dist/tex/generic/pgf/math/pgfmathfunctions.misc.code.tex) (/usr/share/texlive/texmf-dist/tex/generic/pgf/math/pgfmathfunctions.integerarithmetics.code.tex))) (/usr/share/texlive/texmf-dist/tex/generic/pgf/math/pgfmathfloat.code.tex
\c@pgfmathroundto@lastzeros=\count289
)) (/usr/share/texlive/texmf-dist/tex/generic/pgf/math/pgfint.code.tex) (/usr/share/texlive/texmf-dist/tex/generic/pgf/basiclayer/pgfcorepoints.code.tex
File: pgfcorepoints.code.tex 2020/12/27 v3.1.8b (3.1.8b)
\pgf@picminx=\dimen181
\pgf@picmaxx=\dimen182
\pgf@picminy=\dimen183
\pgf@picmaxy=\dimen184
\pgf@pathminx=\dimen185
\pgf@pathmaxx=\dimen186
\pgf@pathminy=\dimen187
\pgf@pathmaxy=\dimen188
\pgf@xx=\dimen189
\pgf@xy=\dimen190
\pgf@yx=\dimen191
\pgf@yy=\dimen192
\pgf@zx=\dimen193
\pgf@zy=\dimen194
) (/usr/share/texlive/texmf-dist/tex/generic/pgf/basiclayer/pgfcorepathconstruct.code.tex
File: pgfcorepathconstruct.code.tex 2020/12/27 v3.1.8b (3.1.8b)
\pgf@path@lastx=\dimen195
\pgf@path@lasty=\dimen196
) (/usr/share/texlive/texmf-dist/tex/generic/pgf/basiclayer/pgfcorepathusage.code.tex
File: pgfcorepathusage.code.tex 2020/12/27 v3.1.8b (3.1.8b)
\pgf@shorten@end@additional=\dimen197
\pgf@shorten@start@additional=\dimen198
) (/usr/share/texlive/texmf-dist/tex/generic/pgf/basiclayer/pgfcorescopes.code.tex
File: pgfcorescopes.code.tex 2020/12/27 v3.1.8b (3.1.8b)
\pgfpic=\box55
\pgf@hbox=\box56
\pgf@layerbox@main=\box57
\pgf@picture@serial@count=\count290
) (/usr/share/texlive/texmf-dist/tex/generic/pgf/basiclayer/pgfcoregraphicstate.code.tex
File: pgfcoregraphicstate.code.tex 2020/12/27 v3.1.8b (3.1.8b)
\pgflinewidth=\dimen199
) (/usr/share/texlive/texmf-dist/tex/generic/pgf/basiclayer/pgfcoretransformations.code.tex
File: pgfcoretransformations.code.tex 2020/12/27 v3.1.8b (3.1.8b)
\pgf@pt@x=\dimen256
\pgf@pt@y=\dimen257
\pgf@pt@temp=\dimen258
) (/usr/share/texlive/texmf-dist/tex/generic/pgf/basiclayer/pgfcorequick.code.tex
File: pgfcorequick.code.tex 2020/12/27 v3.1.8b (3.1.8b)
) (/usr/share/texlive/texmf-dist/tex/generic/pgf/basiclayer/pgfcoreobjects.code.tex
File: pgfcoreobjects.code.tex 2020/12/27 v3.1.8b (3.1.8b)
) (/usr/share/texlive/texmf-dist/tex/generic/pgf/basiclayer/pgfcorepathprocessing.code.tex
File: pgfcorepathprocessing.code.tex 2020/12/27 v3.1.8b (3.1.8b)
) (/usr/share/texlive/texmf-dist/tex/generic/pgf/basiclayer/pgfcorearrows.code.tex
File: pgfcorearrows.code.tex 2020/12/27 v3.1.8b (3.1.8b)
\pgfarrowsep=\dimen259
) (/usr/share/texlive/texmf-dist/tex/generic/pgf/basiclayer/pgfcoreshade.code.tex
File: pgfcoreshade.code.tex 2020/12/27 v3.1.8b (3.1.8b)
\pgf@max=\dimen260
\pgf@sys@shading@range@num=\count291
\pgf@shadingcount=\count292
) (/usr/share/texlive/texmf-dist/tex/generic/pgf/basiclayer/pgfcoreimage.code.tex
File: pgfcoreimage.code.tex 2020/12/27 v3.1.8b (3.1.8b)
 (/usr/share/texlive/texmf-dist/tex/generic/pgf/basiclayer/pgfcoreexternal.code.tex
File: pgfcoreexternal.code.tex 2020/12/27 v3.1.8b (3.1.8b)
\pgfexternal@startupbox=\box58
)) (/usr/share/texlive/texmf-dist/tex/generic/pgf/basiclayer/pgfcorelayers.code.tex
File: pgfcorelayers.code.tex 2020/12/27 v3.1.8b (3.1.8b)
) (/usr/share/texlive/texmf-dist/tex/generic/pgf/basiclayer/pgfcoretransparency.code.tex
File: pgfcoretransparency.code.tex 2020/12/27 v3.1.8b (3.1.8b)
) (/usr/share/texlive/texmf-dist/tex/generic/pgf/basiclayer/pgfcorepatterns.code.tex
File: pgfcorepatterns.code.tex 2020/12/27 v3.1.8b (3.1.8b)
) (/usr/share/texlive/texmf-dist/tex/generic/pgf/basiclayer/pgfcorerdf.code.tex
File: pgfcorerdf.code.tex 2020/12/27 v3.1.8b (3.1.8b)
))) (/usr/share/texlive/texmf-dist/tex/generic/pgf/modules/pgfmoduleshapes.code.tex
File: pgfmoduleshapes.code.tex 2020/12/27 v3.1.8b (3.1.8b)
\pgfnodeparttextbox=\box59
) (/usr/share/texlive/texmf-dist/tex/generic/pgf/modules/pgfmoduleplot.code.tex
File: pgfmoduleplot.code.tex 2020/12/27 v3.1.8b (3.1.8b)
) (/usr/share/texlive/texmf-dist/tex/latex/pgf/compatibility/pgfcomp-version-0-65.sty
Package: pgfcomp-version-0-65 2020/12/27 v3.1.8b (3.1.8b)
\pgf@nodesepstart=\dimen261
\pgf@nodesepend=\dimen262
) (/usr/share/texlive/texmf-dist/tex/latex/pgf/compatibility/pgfcomp-version-1-18.sty
Package: pgfcomp-version-1-18 2020/12/27 v3.1.8b (3.1.8b)
)) (/usr/share/texlive/texmf-dist/tex/latex/pgf/utilities/pgffor.sty (/usr/share/texlive/texmf-dist/tex/latex/pgf/utilities/pgfkeys.sty (/usr/share/texlive/texmf-dist/tex/generic/pgf/utilities/pgfkeys.code.tex)) (/usr/share/texlive/texmf-dist/tex/latex/pgf/math/pgfmath.sty (/usr/share/texlive/texmf-dist/tex/generic/pgf/math/pgfmath.code.tex)) (/usr/share/texlive/texmf-dist/tex/generic/pgf/utilities/pgffor.code.tex
Package: pgffor 2020/12/27 v3.1.8b (3.1.8b)
 (/usr/share/texlive/texmf-dist/tex/generic/pgf/math/pgfmath.code.tex)
\pgffor@iter=\dimen263
\pgffor@skip=\dimen264
\pgffor@stack=\toks40
\pgffor@toks=\toks41
)) (/usr/share/texlive/texmf-dist/tex/generic/pgf/frontendlayer/tikz/tikz.code.tex
Package: tikz 2020/12/27 v3.1.8b (3.1.8b)
 (/usr/share/texlive/texmf-dist/tex/generic/pgf/libraries/pgflibraryplothandlers.code.tex
File: pgflibraryplothandlers.code.tex 2020/12/27 v3.1.8b (3.1.8b)
\pgf@plot@mark@count=\count293
\pgfplotmarksize=\dimen265
)
\tikz@lastx=\dimen266
\tikz@lasty=\dimen267
\tikz@lastxsaved=\dimen268
\tikz@lastysaved=\dimen269
\tikz@lastmovetox=\dimen270
\tikz@lastmovetoy=\dimen271
\tikzleveldistance=\dimen272
\tikzsiblingdistance=\dimen273
\tikz@figbox=\box60
\tikz@figbox@bg=\box61
\tikz@tempbox=\box62
\tikz@tempbox@bg=\box63
\tikztreelevel=\count294
\tikznumberofchildren=\count295
\tikznumberofcurrentchild=\count296
\tikz@fig@count=\count297
 (/usr/share/texlive/texmf-dist/tex/generic/pgf/modules/pgfmodulematrix.code.tex
File: pgfmodulematrix.code.tex 2020/12/27 v3.1.8b (3.1.8b)
\pgfmatrixcurrentrow=\count298
\pgfmatrixcurrentcolumn=\count299
\pgf@matrix@numberofcolumns=\count300
)
\tikz@expandcount=\count301
 (/usr/share/texlive/texmf-dist/tex/generic/pgf/frontendlayer/tikz/libraries/tikzlibrarytopaths.code.tex
File: tikzlibrarytopaths.code.tex 2020/12/27 v3.1.8b (3.1.8b)
))) (/usr/share/texlive/texmf-dist/tex/latex/tikz-cd/tikz-cd.sty
Package: tikz-cd 2021/05/04 v1.0 Commutative diagrams with TikZ
 (/usr/share/texlive/texmf-dist/tex/generic/tikz-cd/tikzlibrarycd.code.tex (/usr/share/texlive/texmf-dist/tex/generic/pgf/frontendlayer/tikz/libraries/tikzlibrarymatrix.code.tex
File: tikzlibrarymatrix.code.tex 2020/12/27 v3.1.8b (3.1.8b)
) (/usr/share/texlive/texmf-dist/tex/generic/pgf/frontendlayer/tikz/libraries/tikzlibraryquotes.code.tex
File: tikzlibraryquotes.code.tex 2020/12/27 v3.1.8b (3.1.8b)
) (/usr/share/texlive/texmf-dist/tex/generic/pgf/libraries/pgflibraryarrows.meta.code.tex
File: pgflibraryarrows.meta.code.tex 2020/12/27 v3.1.8b (3.1.8b)
\pgfarrowinset=\dimen274
\pgfarrowlength=\dimen275
\pgfarrowwidth=\dimen276
\pgfarrowlinewidth=\dimen277
))) (/usr/share/texlive/texmf-dist/tex/latex/setspace/setspace.sty
Package: setspace 2011/12/19 v6.7a set line spacing
) (/usr/share/texlive/texmf-dist/tex/latex/tocbibind/tocbibind.sty
Package: tocbibind 2010/10/13 v1.5k extra ToC listings
Package tocbibind Info: The document has section divisions on input line 50.


Package tocbibind Note: Using section or other style headings.

) (/usr/share/texlive/texmf-dist/tex/latex/biblatex/biblatex.sty
Package: biblatex 2022/02/02 v3.17 programmable bibliographies (PK/MW)
 (/usr/share/texlive/texmf-dist/tex/generic/pdftexcmds/pdftexcmds.sty
Package: pdftexcmds 2020-06-27 v0.33 Utility functions of pdfTeX for LuaTeX (HO)
 (/usr/share/texlive/texmf-dist/tex/generic/infwarerr/infwarerr.sty
Package: infwarerr 2019/12/03 v1.5 Providing info/warning/error messages (HO)
) (/usr/share/texlive/texmf-dist/tex/generic/iftex/iftex.sty
Package: iftex 2020/03/06 v1.0d TeX engine tests
) (/usr/share/texlive/texmf-dist/tex/generic/ltxcmds/ltxcmds.sty
Package: ltxcmds 2020-05-10 v1.25 LaTeX kernel commands for general use (HO)
)
Package pdftexcmds Info: \pdf@primitive is available.
Package pdftexcmds Info: \pdf@ifprimitive is available.
Package pdftexcmds Info: \pdfdraftmode found.
) (/usr/share/texlive/texmf-dist/tex/latex/kvoptions/kvoptions.sty
Package: kvoptions 2020-10-07 v3.14 Key value format for package options (HO)
 (/usr/share/texlive/texmf-dist/tex/generic/kvsetkeys/kvsetkeys.sty
Package: kvsetkeys 2019/12/15 v1.18 Key value parser (HO)
)) (/usr/share/texlive/texmf-dist/tex/latex/logreq/logreq.sty
Package: logreq 2010/08/04 v1.0 xml request logger
\lrq@indent=\count302
 (/usr/share/texlive/texmf-dist/tex/latex/logreq/logreq.def
File: logreq.def 2010/08/04 v1.0 logreq spec v1.0
)) (/usr/share/texlive/texmf-dist/tex/latex/base/ifthen.sty
Package: ifthen 2014/09/29 v1.1c Standard LaTeX ifthen package (DPC)
) (/usr/share/texlive/texmf-dist/tex/latex/url/url.sty
\Urlmuskip=\muskip17
Package: url 2013/09/16  ver 3.4  Verb mode for urls, etc.
)
\c@tabx@nest=\count303
\c@listtotal=\count304
\c@listcount=\count305
\c@liststart=\count306
\c@liststop=\count307
\c@citecount=\count308
\c@citetotal=\count309
\c@multicitecount=\count310
\c@multicitetotal=\count311
\c@instcount=\count312
\c@maxnames=\count313
\c@minnames=\count314
\c@maxitems=\count315
\c@minitems=\count316
\c@citecounter=\count317
\c@maxcitecounter=\count318
\c@savedcitecounter=\count319
\c@uniquelist=\count320
\c@uniquename=\count321
\c@refsection=\count322
\c@refsegment=\count323
\c@maxextratitle=\count324
\c@maxextratitleyear=\count325
\c@maxextraname=\count326
\c@maxextradate=\count327
\c@maxextraalpha=\count328
\c@abbrvpenalty=\count329
\c@highnamepenalty=\count330
\c@lownamepenalty=\count331
\c@maxparens=\count332
\c@parenlevel=\count333
\blx@tempcnta=\count334
\blx@tempcntb=\count335
\blx@tempcntc=\count336
\c@blx@maxsection=\count337
\c@blx@maxsegment@0=\count338
\blx@notetype=\count339
\blx@parenlevel@text=\count340
\blx@parenlevel@foot=\count341
\c@blx@sectionciteorder@0=\count342
\blx@entrysetcounter=\count343
\blx@biblioinstance=\count344
\labelnumberwidth=\skip62
\labelalphawidth=\skip63
\biblabelsep=\skip64
\bibitemsep=\skip65
\bibnamesep=\skip66
\bibinitsep=\skip67
\bibparsep=\skip68
\bibhang=\skip69
\blx@bcfin=\read4
\blx@bcfout=\write4
\blx@langwohyphens=\language49
\c@mincomprange=\count345
\c@maxcomprange=\count346
\c@mincompwidth=\count347
Package biblatex Info: Trying to load biblatex default data model...
Package biblatex Info: ... file 'blx-dm.def' found.
 (/usr/share/texlive/texmf-dist/tex/latex/biblatex/blx-dm.def
File: blx-dm.def 2022/02/02 v3.17 biblatex localization (PK/MW)
)
Package biblatex Info: Trying to load biblatex custom data model...
Package biblatex Info: ... file 'biblatex-dm.cfg' not found.
\c@afterword=\count348
\c@savedafterword=\count349
\c@annotator=\count350
\c@savedannotator=\count351
\c@author=\count352
\c@savedauthor=\count353
\c@bookauthor=\count354
\c@savedbookauthor=\count355
\c@commentator=\count356
\c@savedcommentator=\count357
\c@editor=\count358
\c@savededitor=\count359
\c@editora=\count360
\c@savededitora=\count361
\c@editorb=\count362
\c@savededitorb=\count363
\c@editorc=\count364
\c@savededitorc=\count365
\c@foreword=\count366
\c@savedforeword=\count367
\c@holder=\count368
\c@savedholder=\count369
\c@introduction=\count370
\c@savedintroduction=\count371
\c@namea=\count372
\c@savednamea=\count373
\c@nameb=\count374
\c@savednameb=\count375
\c@namec=\count376
\c@savednamec=\count377
\c@translator=\count378
\c@savedtranslator=\count379
\c@shortauthor=\count380
\c@savedshortauthor=\count381
\c@shorteditor=\count382
\c@savedshorteditor=\count383
\c@labelname=\count384
\c@savedlabelname=\count385
\c@institution=\count386
\c@savedinstitution=\count387
\c@lista=\count388
\c@savedlista=\count389
\c@listb=\count390
\c@savedlistb=\count391
\c@listc=\count392
\c@savedlistc=\count393
\c@listd=\count394
\c@savedlistd=\count395
\c@liste=\count396
\c@savedliste=\count397
\c@listf=\count398
\c@savedlistf=\count399
\c@location=\count400
\c@savedlocation=\count401
\c@organization=\count402
\c@savedorganization=\count403
\c@origlocation=\count404
\c@savedoriglocation=\count405
\c@origpublisher=\count406
\c@savedorigpublisher=\count407
\c@publisher=\count408
\c@savedpublisher=\count409
\c@language=\count410
\c@savedlanguage=\count411
\c@origlanguage=\count412
\c@savedoriglanguage=\count413
\c@pageref=\count414
\c@savedpageref=\count415
\shorthandwidth=\skip70
\shortjournalwidth=\skip71
\shortserieswidth=\skip72
\shorttitlewidth=\skip73
\shortauthorwidth=\skip74
\shorteditorwidth=\skip75
\locallabelnumberwidth=\skip76
\locallabelalphawidth=\skip77
\localshorthandwidth=\skip78
\localshortjournalwidth=\skip79
\localshortserieswidth=\skip80
\localshorttitlewidth=\skip81
\localshortauthorwidth=\skip82
\localshorteditorwidth=\skip83
Package biblatex Info: Trying to load compatibility code...
Package biblatex Info: ... file 'blx-compat.def' found.
 (/usr/share/texlive/texmf-dist/tex/latex/biblatex/blx-compat.def
File: blx-compat.def 2022/02/02 v3.17 biblatex compatibility (PK/MW)
)
Package biblatex Info: Trying to load generic definitions...
Package biblatex Info: ... file 'biblatex.def' found.
 (/usr/share/texlive/texmf-dist/tex/latex/biblatex/biblatex.def
File: biblatex.def 2022/02/02 v3.17 biblatex compatibility (PK/MW)
\c@textcitecount=\count416
\c@textcitetotal=\count417
\c@textcitemaxnames=\count418
\c@biburlbigbreakpenalty=\count419
\c@biburlbreakpenalty=\count420
\c@biburlnumpenalty=\count421
\c@biburlucpenalty=\count422
\c@biburllcpenalty=\count423
\biburlbigskip=\muskip18
\biburlnumskip=\muskip19
\biburlucskip=\muskip20
\biburllcskip=\muskip21
\c@smartand=\count424
)
Package biblatex Info: Trying to load bibliography style 'numeric'...
Package biblatex Info: ... file 'numeric.bbx' found.
 (/usr/share/texlive/texmf-dist/tex/latex/biblatex/bbx/numeric.bbx
File: numeric.bbx 2022/02/02 v3.17 biblatex bibliography style (PK/MW)
Package biblatex Info: Trying to load bibliography style 'standard'...
Package biblatex Info: ... file 'standard.bbx' found.
 (/usr/share/texlive/texmf-dist/tex/latex/biblatex/bbx/standard.bbx
File: standard.bbx 2022/02/02 v3.17 biblatex bibliography style (PK/MW)
\c@bbx:relatedcount=\count425
\c@bbx:relatedtotal=\count426
))
Package biblatex Info: Trying to load citation style 'numeric'...
Package biblatex Info: ... file 'numeric.cbx' found.
 (/usr/share/texlive/texmf-dist/tex/latex/biblatex/cbx/numeric.cbx
File: numeric.cbx 2022/02/02 v3.17 biblatex citation style (PK/MW)
Package biblatex Info: Redefining '\cite'.
Package biblatex Info: Redefining '\parencite'.
Package biblatex Info: Redefining '\footcite'.
Package biblatex Info: Redefining '\footcitetext'.
Package biblatex Info: Redefining '\smartcite'.
Package biblatex Info: Redefining '\supercite'.
Package biblatex Info: Redefining '\textcite'.
Package biblatex Info: Redefining '\textcites'.
Package biblatex Info: Redefining '\cites'.
Package biblatex Info: Redefining '\parencites'.
Package biblatex Info: Redefining '\smartcites'.
)
Package biblatex Info: Trying to load configuration file...
Package biblatex Info: ... file 'biblatex.cfg' found.
 (/usr/share/texlive/texmf-dist/tex/latex/biblatex/biblatex.cfg
File: biblatex.cfg 
)
Package biblatex Info: Input encoding 'utf8' detected.
Package biblatex Info: Document encoding is UTF8 ....
Package biblatex Info: ... and expl3
(biblatex)             2021-05-07 L3 programming layer (loader) 
(biblatex)             is new enough (at least 2020/04/06),
(biblatex)             setting 'casechanger=expl3'.
 (/usr/share/texlive/texmf-dist/tex/latex/biblatex/blx-case-expl3.sty
Package: blx-case-expl3 2022/02/02 v3.17 expl3 case changing code for biblatex
)) (/usr/share/texlive/texmf-dist/tex/latex/hyperref/hyperref.sty
Package: hyperref 2021-02-27 v7.00k Hypertext links for LaTeX
 (/usr/share/texlive/texmf-dist/tex/generic/kvdefinekeys/kvdefinekeys.sty
Package: kvdefinekeys 2019-12-19 v1.6 Define keys (HO)
) (/usr/share/texlive/texmf-dist/tex/generic/pdfescape/pdfescape.sty
Package: pdfescape 2019/12/09 v1.15 Implements pdfTeX's escape features (HO)
) (/usr/share/texlive/texmf-dist/tex/latex/hycolor/hycolor.sty
Package: hycolor 2020-01-27 v1.10 Color options for hyperref/bookmark (HO)
) (/usr/share/texlive/texmf-dist/tex/latex/letltxmacro/letltxmacro.sty
Package: letltxmacro 2019/12/03 v1.6 Let assignment for LaTeX macros (HO)
) (/usr/share/texlive/texmf-dist/tex/latex/auxhook/auxhook.sty
Package: auxhook 2019-12-17 v1.6 Hooks for auxiliary files (HO)
)
\@linkdim=\dimen278
\Hy@linkcounter=\count427
\Hy@pagecounter=\count428
 (/usr/share/texlive/texmf-dist/tex/latex/hyperref/pd1enc.def
File: pd1enc.def 2021-02-27 v7.00k Hyperref: PDFDocEncoding definition (HO)
Now handling font encoding PD1 ...
... no UTF-8 mapping file for font encoding PD1
) (/usr/share/texlive/texmf-dist/tex/latex/hyperref/hyperref-langpatches.def
File: hyperref-langpatches.def 2021-02-27 v7.00k Hyperref: patches for babel languages
) (/usr/share/texlive/texmf-dist/tex/generic/intcalc/intcalc.sty
Package: intcalc 2019/12/15 v1.3 Expandable calculations with integers (HO)
) (/usr/share/texlive/texmf-dist/tex/generic/etexcmds/etexcmds.sty
Package: etexcmds 2019/12/15 v1.7 Avoid name clashes with e-TeX commands (HO)
)
\Hy@SavedSpaceFactor=\count429
 (/usr/share/texlive/texmf-dist/tex/latex/hyperref/puenc.def
File: puenc.def 2021-02-27 v7.00k Hyperref: PDF Unicode definition (HO)
Now handling font encoding PU ...
... no UTF-8 mapping file for font encoding PU
)
Package hyperref Info: Hyper figures OFF on input line 4192.
Package hyperref Info: Link nesting OFF on input line 4197.
Package hyperref Info: Hyper index ON on input line 4200.
Package hyperref Info: Plain pages OFF on input line 4207.
Package hyperref Info: Backreferencing OFF on input line 4212.
Package hyperref Info: Implicit mode ON; LaTeX internals redefined.
Package hyperref Info: Bookmarks ON on input line 4445.
\c@Hy@tempcnt=\count430
LaTeX Info: Redefining \url on input line 4804.
\XeTeXLinkMargin=\dimen279
 (/usr/share/texlive/texmf-dist/tex/generic/bitset/bitset.sty
Package: bitset 2019/12/09 v1.3 Handle bit-vector datatype (HO)
 (/usr/share/texlive/texmf-dist/tex/generic/bigintcalc/bigintcalc.sty
Package: bigintcalc 2019/12/15 v1.5 Expandable calculations on big integers (HO)
))
\Fld@menulength=\count431
\Field@Width=\dimen280
\Fld@charsize=\dimen281
Package hyperref Info: Hyper figures OFF on input line 6075.
Package hyperref Info: Link nesting OFF on input line 6080.
Package hyperref Info: Hyper index ON on input line 6083.
Package hyperref Info: backreferencing OFF on input line 6090.
Package hyperref Info: Link coloring OFF on input line 6095.
Package hyperref Info: Link coloring with OCG OFF on input line 6100.
Package hyperref Info: PDF/A mode OFF on input line 6105.
LaTeX Info: Redefining \ref on input line 6145.
LaTeX Info: Redefining \pageref on input line 6149.
 (/usr/share/texlive/texmf-dist/tex/latex/base/atbegshi-ltx.sty
Package: atbegshi-ltx 2020/08/17 v1.0a Emulation of the original atbegshi package
with kernel methods
)
\Hy@abspage=\count432
\c@Item=\count433
\c@Hfootnote=\count434
)
Package hyperref Info: Driver (autodetected): hpdftex.
 (/usr/share/texlive/texmf-dist/tex/latex/hyperref/hpdftex.def
File: hpdftex.def 2021-02-27 v7.00k Hyperref driver for pdfTeX
 (/usr/share/texlive/texmf-dist/tex/latex/base/atveryend-ltx.sty
Package: atveryend-ltx 2020/08/19 v1.0a Emulation of the original atvery package
with kernel methods
)
\Fld@listcount=\count435
\c@bookmark@seq@number=\count436
 (/usr/share/texlive/texmf-dist/tex/latex/rerunfilecheck/rerunfilecheck.sty
Package: rerunfilecheck 2019/12/05 v1.9 Rerun checks for auxiliary files (HO)
 (/usr/share/texlive/texmf-dist/tex/generic/uniquecounter/uniquecounter.sty
Package: uniquecounter 2019/12/15 v1.4 Provide unlimited unique counter (HO)
)
Package uniquecounter Info: New unique counter `rerunfilecheck' on input line 286.
)
\Hy@SectionHShift=\skip84
) (/usr/share/texlive/texmf-dist/tex/latex/caption/caption.sty
Package: caption 2020/10/26 v3.5g Customizing captions (AR)
 (/usr/share/texlive/texmf-dist/tex/latex/caption/caption3.sty
Package: caption3 2020/10/21 v2.2e caption3 kernel (AR)
\captionmargin=\dimen282
\captionmargin@=\dimen283
\captionwidth=\dimen284
\caption@tempdima=\dimen285
\caption@indent=\dimen286
\caption@parindent=\dimen287
\caption@hangindent=\dimen288
Package caption Info: Standard document class detected.
)
\c@caption@flags=\count437
\c@continuedfloat=\count438
Package caption Info: hyperref package is loaded.
) (/usr/share/texlive/texmf-dist/tex/latex/caption/subcaption.sty
Package: subcaption 2020/10/07 v1.3j Sub-captions (AR)
\c@subfigure=\count439
\c@subtable=\count440
)
\c@theorem=\count441
\c@solutionsi=\count442
\enitdp@solutions=\count443
\c@exercisesi=\count444
\enitdp@exercises=\count445
\c@equivalenti=\count446
\enitdp@equivalent=\count447
) (./letterstyles.sty)
Package csquotes Info: Checking for multilingual support...
Package csquotes Info: ... found 'babel' package.
Package csquotes Info: Adjusting default style.
Package csquotes Info: Redefining alias 'default' -> 'english'.
 (./main.aux)
\openout1 = `main.aux'.

LaTeX Font Info:    Checking defaults for OML/cmm/m/it on input line 12.
LaTeX Font Info:    ... okay on input line 12.
LaTeX Font Info:    Checking defaults for OMS/cmsy/m/n on input line 12.
LaTeX Font Info:    ... okay on input line 12.
LaTeX Font Info:    Checking defaults for OT1/cmr/m/n on input line 12.
LaTeX Font Info:    ... okay on input line 12.
LaTeX Font Info:    Checking defaults for T1/cmr/m/n on input line 12.
LaTeX Font Info:    ... okay on input line 12.
LaTeX Font Info:    Checking defaults for TS1/cmr/m/n on input line 12.
LaTeX Font Info:    ... okay on input line 12.
LaTeX Font Info:    Checking defaults for OMX/cmex/m/n on input line 12.
LaTeX Font Info:    ... okay on input line 12.
LaTeX Font Info:    Checking defaults for U/cmr/m/n on input line 12.
LaTeX Font Info:    ... okay on input line 12.
LaTeX Font Info:    Checking defaults for PD1/pdf/m/n on input line 12.
LaTeX Font Info:    ... okay on input line 12.
LaTeX Font Info:    Checking defaults for PU/pdf/m/n on input line 12.
LaTeX Font Info:    ... okay on input line 12.
 (/usr/share/texlive/texmf-dist/tex/context/base/mkii/supp-pdf.mkii
[Loading MPS to PDF converter (version 2006.09.02).]
\scratchcounter=\count448
\scratchdimen=\dimen289
\scratchbox=\box64
\nofMPsegments=\count449
\nofMParguments=\count450
\everyMPshowfont=\toks42
\MPscratchCnt=\count451
\MPscratchDim=\dimen290
\MPnumerator=\count452
\makeMPintoPDFobject=\count453
\everyMPtoPDFconversion=\toks43
) (/usr/share/texlive/texmf-dist/tex/latex/epstopdf-pkg/epstopdf-base.sty
Package: epstopdf-base 2020-01-24 v2.11 Base part for package epstopdf
Package epstopdf-base Info: Redefining graphics rule for `.eps' on input line 485.
 (/usr/share/texlive/texmf-dist/tex/latex/latexconfig/epstopdf-sys.cfg
File: epstopdf-sys.cfg 2010/07/13 v1.3 Configuration of (r)epstopdf for TeX Live
))
Package biblatex Info: Trying to load language 'english'...
Package biblatex Info: ... file 'english.lbx' found.
 (/usr/share/texlive/texmf-dist/tex/latex/biblatex/lbx/english.lbx
File: english.lbx 2022/02/02 v3.17 biblatex localization (PK/MW)
)
Package biblatex Info: Input encoding 'utf8' detected.
Package biblatex Info: Automatic encoding selection.
(biblatex)             Assuming data encoding 'utf8'.
\openout4 = `main.bcf'.

Package biblatex Info: Trying to load bibliographic data...
Package biblatex Info: ... file 'main.bbl' found.
 (./main.bbl)
Package biblatex Info: Reference section=0 on input line 12.
Package biblatex Info: Reference segment=0 on input line 12.
Package hyperref Info: Link coloring OFF on input line 12.
 (/usr/share/texlive/texmf-dist/tex/latex/hyperref/nameref.sty
Package: nameref 2021-04-02 v2.47 Cross-referencing by name of section
 (/usr/share/texlive/texmf-dist/tex/latex/refcount/refcount.sty
Package: refcount 2019/12/15 v3.6 Data extraction from label references (HO)
) (/usr/share/texlive/texmf-dist/tex/generic/gettitlestring/gettitlestring.sty
Package: gettitlestring 2019/12/15 v1.6 Cleanup title references (HO)
)
\c@section@level=\count454
)
LaTeX Info: Redefining \ref on input line 12.
LaTeX Info: Redefining \pageref on input line 12.
LaTeX Info: Redefining \nameref on input line 12.
 (./main.out) (./main.out)
\@outlinefile=\write5
\openout5 = `main.out'.

Package caption Info: Begin \AtBeginDocument code.
Package caption Info: End \AtBeginDocument code.
LaTeX Font Info:    Trying to load font information for U+msa on input line 14.
 (/usr/share/texlive/texmf-dist/tex/latex/amsfonts/umsa.fd
File: umsa.fd 2013/01/14 v3.01 AMS symbols A
)
LaTeX Font Info:    Trying to load font information for U+msb on input line 14.
 (/usr/share/texlive/texmf-dist/tex/latex/amsfonts/umsb.fd
File: umsb.fd 2013/01/14 v3.01 AMS symbols B
) (./main.toc [1

{/usr/share/texlive/texmf-var/fonts/map/pdftex/updmap/pdftex.map

pdfTeX warning: pdflatex (file /usr/share/texlive/texmf-var/fonts/map/pdftex/updmap/pdftex.map): fontmap entry for `pagd8z' already exists, duplicates ignored


pdfTeX warning: pdflatex (file /usr/share/texlive/texmf-var/fonts/map/pdftex/updmap/pdftex.map): fontmap entry for `pagdo8z' already exists, duplicates ignored


pdfTeX warning: pdflatex (file /usr/share/texlive/texmf-var/fonts/map/pdftex/updmap/pdftex.map): fontmap entry for `pagk8z' already exists, duplicates ignored


pdfTeX warning: pdflatex (file /usr/share/texlive/texmf-var/fonts/map/pdftex/updmap/pdftex.map): fontmap entry for `pagko8z' already exists, duplicates ignored


pdfTeX warning: pdflatex (file /usr/share/texlive/texmf-var/fonts/map/pdftex/updmap/pdftex.map): fontmap entry for `pbkd8z' already exists, duplicates ignored


pdfTeX warning: pdflatex (file /usr/share/texlive/texmf-var/fonts/map/pdftex/updmap/pdftex.map): fontmap entry for `pbkdi8z' already exists, duplicates ignored


pdfTeX warning: pdflatex (file /usr/share/texlive/texmf-var/fonts/map/pdftex/updmap/pdftex.map): fontmap entry for `pbkl8z' already exists, duplicates ignored


pdfTeX warning: pdflatex (file /usr/share/texlive/texmf-var/fonts/map/pdftex/updmap/pdftex.map): fontmap entry for `pbkli8z' already exists, duplicates ignored


pdfTeX warning: pdflatex (file /usr/share/texlive/texmf-var/fonts/map/pdftex/updmap/pdftex.map): fontmap entry for `pcrb8u' already exists, duplicates ignored


pdfTeX warning: pdflatex (file /usr/share/texlive/texmf-var/fonts/map/pdftex/updmap/pdftex.map): fontmap entry for `pcrbo8u' already exists, duplicates ignored


pdfTeX warning: pdflatex (file /usr/share/texlive/texmf-var/fonts/map/pdftex/updmap/pdftex.map): fontmap entry for `pcrr8u' already exists, duplicates ignored


pdfTeX warning: pdflatex (file /usr/share/texlive/texmf-var/fonts/map/pdftex/updmap/pdftex.map): fontmap entry for `pcrro8u' already exists, duplicates ignored


pdfTeX warning: pdflatex (file /usr/share/texlive/texmf-var/fonts/map/pdftex/updmap/pdftex.map): fontmap entry for `phvb8z' already exists, duplicates ignored


pdfTeX warning: pdflatex (file /usr/share/texlive/texmf-var/fonts/map/pdftex/updmap/pdftex.map): fontmap entry for `phvbn8z' already exists, duplicates ignored


pdfTeX warning: pdflatex (file /usr/share/texlive/texmf-var/fonts/map/pdftex/updmap/pdftex.map): fontmap entry for `phvbo8z' already exists, duplicates ignored


pdfTeX warning: pdflatex (file /usr/share/texlive/texmf-var/fonts/map/pdftex/updmap/pdftex.map): fontmap entry for `phvbon8z' already exists, duplicates ignored


pdfTeX warning: pdflatex (file /usr/share/texlive/texmf-var/fonts/map/pdftex/updmap/pdftex.map): fontmap entry for `phvr8z' already exists, duplicates ignored


pdfTeX warning: pdflatex (file /usr/share/texlive/texmf-var/fonts/map/pdftex/updmap/pdftex.map): fontmap entry for `phvrn8z' already exists, duplicates ignored


pdfTeX warning: pdflatex (file /usr/share/texlive/texmf-var/fonts/map/pdftex/updmap/pdftex.map): fontmap entry for `phvro8z' already exists, duplicates ignored


pdfTeX warning: pdflatex (file /usr/share/texlive/texmf-var/fonts/map/pdftex/updmap/pdftex.map): fontmap entry for `phvron8z' already exists, duplicates ignored


pdfTeX warning: pdflatex (file /usr/share/texlive/texmf-var/fonts/map/pdftex/updmap/pdftex.map): fontmap entry for `pncb8z' already exists, duplicates ignored


pdfTeX warning: pdflatex (file /usr/share/texlive/texmf-var/fonts/map/pdftex/updmap/pdftex.map): fontmap entry for `pncbi8z' already exists, duplicates ignored


pdfTeX warning: pdflatex (file /usr/share/texlive/texmf-var/fonts/map/pdftex/updmap/pdftex.map): fontmap entry for `pncr8z' already exists, duplicates ignored


pdfTeX warning: pdflatex (file /usr/share/texlive/texmf-var/fonts/map/pdftex/updmap/pdftex.map): fontmap entry for `pncri8z' already exists, duplicates ignored


pdfTeX warning: pdflatex (file /usr/share/texlive/texmf-var/fonts/map/pdftex/updmap/pdftex.map): fontmap entry for `pplb8z' already exists, duplicates ignored


pdfTeX warning: pdflatex (file /usr/share/texlive/texmf-var/fonts/map/pdftex/updmap/pdftex.map): fontmap entry for `pplbi8z' already exists, duplicates ignored


pdfTeX warning: pdflatex (file /usr/share/texlive/texmf-var/fonts/map/pdftex/updmap/pdftex.map): fontmap entry for `pplr8z' already exists, duplicates ignored


pdfTeX warning: pdflatex (file /usr/share/texlive/texmf-var/fonts/map/pdftex/updmap/pdftex.map): fontmap entry for `pplri8z' already exists, duplicates ignored


pdfTeX warning: pdflatex (file /usr/share/texlive/texmf-var/fonts/map/pdftex/updmap/pdftex.map): fontmap entry for `ptmb8z' already exists, duplicates ignored


pdfTeX warning: pdflatex (file /usr/share/texlive/texmf-var/fonts/map/pdftex/updmap/pdftex.map): fontmap entry for `ptmbi8z' already exists, duplicates ignored


pdfTeX warning: pdflatex (file /usr/share/texlive/texmf-var/fonts/map/pdftex/updmap/pdftex.map): fontmap entry for `ptmr8z' already exists, duplicates ignored


pdfTeX warning: pdflatex (file /usr/share/texlive/texmf-var/fonts/map/pdftex/updmap/pdftex.map): fontmap entry for `ptmri8z' already exists, duplicates ignored


pdfTeX warning: pdflatex (file /usr/share/texlive/texmf-var/fonts/map/pdftex/updmap/pdftex.map): fontmap entry for `pzcmi8z' already exists, duplicates ignored


pdfTeX warning: pdflatex (file /usr/share/texlive/texmf-var/fonts/map/pdftex/updmap/pdftex.map): invalid entry for `pcrr8rn': SlantFont/ExtendFont can be used only with embedded Type1 fonts


pdfTeX warning: pdflatex (file /usr/share/texlive/texmf-var/fonts/map/pdftex/updmap/pdftex.map): fontmap entry for `rpxpplb' already exists, duplicates ignored


pdfTeX warning: pdflatex (file /usr/share/texlive/texmf-var/fonts/map/pdftex/updmap/pdftex.map): fontmap entry for `rpxpplbi' already exists, duplicates ignored


pdfTeX warning: pdflatex (file /usr/share/texlive/texmf-var/fonts/map/pdftex/updmap/pdftex.map): fontmap entry for `rpxpplbo' already exists, duplicates ignored


pdfTeX warning: pdflatex (file /usr/share/texlive/texmf-var/fonts/map/pdftex/updmap/pdftex.map): fontmap entry for `rpxpplr' already exists, duplicates ignored


pdfTeX warning: pdflatex (file /usr/share/texlive/texmf-var/fonts/map/pdftex/updmap/pdftex.map): fontmap entry for `rpxpplri' already exists, duplicates ignored


pdfTeX warning: pdflatex (file /usr/share/texlive/texmf-var/fonts/map/pdftex/updmap/pdftex.map): fontmap entry for `rpxpplro' already exists, duplicates ignored


pdfTeX warning: pdflatex (file /usr/share/texlive/texmf-var/fonts/map/pdftex/updmap/pdftex.map): fontmap entry for `pagd8g' already exists, duplicates ignored


pdfTeX warning: pdflatex (file /usr/share/texlive/texmf-var/fonts/map/pdftex/updmap/pdftex.map): fontmap entry for `pagdo8g' already exists, duplicates ignored


pdfTeX warning: pdflatex (file /usr/share/texlive/texmf-var/fonts/map/pdftex/updmap/pdftex.map): fontmap entry for `pagk8g' already exists, duplicates ignored


pdfTeX warning: pdflatex (file /usr/share/texlive/texmf-var/fonts/map/pdftex/updmap/pdftex.map): fontmap entry for `pagko8g' already exists, duplicates ignored


pdfTeX warning: pdflatex (file /usr/share/texlive/texmf-var/fonts/map/pdftex/updmap/pdftex.map): fontmap entry for `pbkd8g' already exists, duplicates ignored


pdfTeX warning: pdflatex (file /usr/share/texlive/texmf-var/fonts/map/pdftex/updmap/pdftex.map): fontmap entry for `pbkdi8g' already exists, duplicates ignored


pdfTeX warning: pdflatex (file /usr/share/texlive/texmf-var/fonts/map/pdftex/updmap/pdftex.map): fontmap entry for `pbkl8g' already exists, duplicates ignored


pdfTeX warning: pdflatex (file /usr/share/texlive/texmf-var/fonts/map/pdftex/updmap/pdftex.map): fontmap entry for `pbkli8g' already exists, duplicates ignored


pdfTeX warning: pdflatex (file /usr/share/texlive/texmf-var/fonts/map/pdftex/updmap/pdftex.map): fontmap entry for `pcrb8g' already exists, duplicates ignored


pdfTeX warning: pdflatex (file /usr/share/texlive/texmf-var/fonts/map/pdftex/updmap/pdftex.map): fontmap entry for `pcrbo8g' already exists, duplicates ignored


pdfTeX warning: pdflatex (file /usr/share/texlive/texmf-var/fonts/map/pdftex/updmap/pdftex.map): fontmap entry for `pcrr8g' already exists, duplicates ignored


pdfTeX warning: pdflatex (file /usr/share/texlive/texmf-var/fonts/map/pdftex/updmap/pdftex.map): fontmap entry for `pcrro8g' already exists, duplicates ignored


pdfTeX warning: pdflatex (file /usr/share/texlive/texmf-var/fonts/map/pdftex/updmap/pdftex.map): fontmap entry for `phvb8g' already exists, duplicates ignored


pdfTeX warning: pdflatex (file /usr/share/texlive/texmf-var/fonts/map/pdftex/updmap/pdftex.map): fontmap entry for `phvbo8g' already exists, duplicates ignored


pdfTeX warning: pdflatex (file /usr/share/texlive/texmf-var/fonts/map/pdftex/updmap/pdftex.map): fontmap entry for `phvr8g' already exists, duplicates ignored


pdfTeX warning: pdflatex (file /usr/share/texlive/texmf-var/fonts/map/pdftex/updmap/pdftex.map): fontmap entry for `phvro8g' already exists, duplicates ignored


pdfTeX warning: pdflatex (file /usr/share/texlive/texmf-var/fonts/map/pdftex/updmap/pdftex.map): fontmap entry for `pncb8g' already exists, duplicates ignored


pdfTeX warning: pdflatex (file /usr/share/texlive/texmf-var/fonts/map/pdftex/updmap/pdftex.map): fontmap entry for `pncbi8g' already exists, duplicates ignored


pdfTeX warning: pdflatex (file /usr/share/texlive/texmf-var/fonts/map/pdftex/updmap/pdftex.map): fontmap entry for `pncr8g' already exists, duplicates ignored


pdfTeX warning: pdflatex (file /usr/share/texlive/texmf-var/fonts/map/pdftex/updmap/pdftex.map): fontmap entry for `pncri8g' already exists, duplicates ignored


pdfTeX warning: pdflatex (file /usr/share/texlive/texmf-var/fonts/map/pdftex/updmap/pdftex.map): fontmap entry for `pplb8g' already exists, duplicates ignored


pdfTeX warning: pdflatex (file /usr/share/texlive/texmf-var/fonts/map/pdftex/updmap/pdftex.map): fontmap entry for `pplbi8g' already exists, duplicates ignored


pdfTeX warning: pdflatex (file /usr/share/texlive/texmf-var/fonts/map/pdftex/updmap/pdftex.map): fontmap entry for `pplr8g' already exists, duplicates ignored


pdfTeX warning: pdflatex (file /usr/share/texlive/texmf-var/fonts/map/pdftex/updmap/pdftex.map): fontmap entry for `pplri8g' already exists, duplicates ignored


pdfTeX warning: pdflatex (file /usr/share/texlive/texmf-var/fonts/map/pdftex/updmap/pdftex.map): fontmap entry for `psyr' already exists, duplicates ignored


pdfTeX warning: pdflatex (file /usr/share/texlive/texmf-var/fonts/map/pdftex/updmap/pdftex.map): fontmap entry for `psyrgo' already exists, duplicates ignored


pdfTeX warning: pdflatex (file /usr/share/texlive/texmf-var/fonts/map/pdftex/updmap/pdftex.map): fontmap entry for `ptmb8g' already exists, duplicates ignored


pdfTeX warning: pdflatex (file /usr/share/texlive/texmf-var/fonts/map/pdftex/updmap/pdftex.map): fontmap entry for `ptmbi8g' already exists, duplicates ignored


pdfTeX warning: pdflatex (file /usr/share/texlive/texmf-var/fonts/map/pdftex/updmap/pdftex.map): fontmap entry for `ptmr8g' already exists, duplicates ignored


pdfTeX warning: pdflatex (file /usr/share/texlive/texmf-var/fonts/map/pdftex/updmap/pdftex.map): fontmap entry for `ptmri8g' already exists, duplicates ignored


pdfTeX warning: pdflatex (file /usr/share/texlive/texmf-var/fonts/map/pdftex/updmap/pdftex.map): fontmap entry for `pzcmi8g' already exists, duplicates ignored


pdfTeX warning: pdflatex (file /usr/share/texlive/texmf-var/fonts/map/pdftex/updmap/pdftex.map): fontmap entry for `pzdr' already exists, duplicates ignored


pdfTeX warning: pdflatex (file /usr/share/texlive/texmf-var/fonts/map/pdftex/updmap/pdftex.map): fontmap entry for `rtxphvb' already exists, duplicates ignored


pdfTeX warning: pdflatex (file /usr/share/texlive/texmf-var/fonts/map/pdftex/updmap/pdftex.map): invalid entry for `rtxphvbo': SlantFont/ExtendFont can be used only with embedded Type1 fonts


pdfTeX warning: pdflatex (file /usr/share/texlive/texmf-var/fonts/map/pdftex/updmap/pdftex.map): fontmap entry for `rtxphvr' already exists, duplicates ignored


pdfTeX warning: pdflatex (file /usr/share/texlive/texmf-var/fonts/map/pdftex/updmap/pdftex.map): invalid entry for `rtxphvro': SlantFont/ExtendFont can be used only with embedded Type1 fonts


pdfTeX warning: pdflatex (file /usr/share/texlive/texmf-var/fonts/map/pdftex/updmap/pdftex.map): fontmap entry for `rtxptmb' already exists, duplicates ignored


pdfTeX warning: pdflatex (file /usr/share/texlive/texmf-var/fonts/map/pdftex/updmap/pdftex.map): fontmap entry for `rtxptmbi' already exists, duplicates ignored


pdfTeX warning: pdflatex (file /usr/share/texlive/texmf-var/fonts/map/pdftex/updmap/pdftex.map): invalid entry for `rtxptmbo': SlantFont/ExtendFont can be used only with embedded Type1 fonts


pdfTeX warning: pdflatex (file /usr/share/texlive/texmf-var/fonts/map/pdftex/updmap/pdftex.map): fontmap entry for `rtxptmr' already exists, duplicates ignored


pdfTeX warning: pdflatex (file /usr/share/texlive/texmf-var/fonts/map/pdftex/updmap/pdftex.map): fontmap entry for `rtxptmri' already exists, duplicates ignored


pdfTeX warning: pdflatex (file /usr/share/texlive/texmf-var/fonts/map/pdftex/updmap/pdftex.map): invalid entry for `rtxptmro': SlantFont/ExtendFont can be used only with embedded Type1 fonts
}])
\tf@toc=\write6
\openout6 = `main.toc'.

 (./chapter1.tex) (./chapter2.tex) (./chapter3.tex) (./chapter4.tex [2] [3] [4]) (./chapter5.tex [5] [6]) (./chapter6.tex [7] [8] [9] [10] [11]
Overfull \hbox (16.19283pt too wide) in paragraph at lines 230--237
\OT1/cmr/m/n/10 Hence, [] com-mutes and so $\OML/cmm/m/it/10 Y[] []
 []

[12] [13] [14]) (./chapter7.tex [15] [16]
Overfull \hbox (13.61913pt too wide) in paragraph at lines 83--100
[] \OT1/cmr/m/n/10 com-mute, so []
 []

[17]
Overfull \hbox (7.80595pt too wide) in paragraph at lines 143--146
\OT1/cmr/m/n/10 have a nat-u-ral bi-jec-tion $[][] \OMS/cmsy/m/n/10 C\OT1/cmr/m/n/10 (\OMS/cmsy/m/n/10 ^^@\OML/cmm/m/it/10 ; F[]\OT1/cmr/m/n/10 ) [] \OMS/cmsy/m/n/10 C[]\OT1/cmr/m/n/10 (^^A[]\OML/cmm/m/it/10 ; F\OT1/cmr/m/n/10 )$. We de-fine $\OML/cmm/m/it/10 ^^V [] [] \OMS/cmsy/m/n/10 C[]\OT1/cmr/m/n/10 (^^A[]\OML/cmm/m/it/10 ; F\OT1/cmr/m/n/10 ) \OMS/cmsy/m/n/10 )
 []

[18]
Overfull \hbox (12.03308pt too wide) in paragraph at lines 153--161
\OT1/cmr/m/n/10 commutes. This de-fines a bi-jec-tion since for ev-ery el-e-ment el-e-ment $\OML/cmm/m/it/10 x$ \OT1/cmr/m/n/10 in $[][] \OMS/cmsy/m/n/10 C\OT1/cmr/m/n/10 (\OML/cmm/m/it/10 Y; F[]\OT1/cmr/m/n/10 )$
 []


Overfull \hbox (17.08499pt too wide) in paragraph at lines 166--167
 [] 
 []

[19] [20]) (./chapter8.tex)

LaTeX Warning: Empty bibliography on input line 24.

[21] (./main.aux)
Package rerunfilecheck Info: File `main.out' has not changed.
(rerunfilecheck)             Checksum: 93419DEE3CE8E30F2EBBC5046F8DE2DE;4799.
Package logreq Info: Writing requests to 'main.run.xml'.
\openout1 = `main.run.xml'.

 ) 
Here is how much of TeX's memory you used:
 34488 strings out of 479957
 658887 string characters out of 5879163
 1453535 words of memory out of 6000000
 51344 multiletter control sequences out of 15000+600000
 414337 words of font info for 68 fonts, out of 8000000 for 9000
 430 hyphenation exceptions out of 8191
 115i,17n,118p,820b,2145s stack positions out of 5000i,500n,10000p,200000b,80000s
{/usr/share/texlive/texmf-dist/fonts/enc/dvips/lm/lm-rep-cmit.enc}{/usr/share/texlive/texmf-dist/fonts/enc/dvips/lm/lm-mathsy.enc}{/usr/share/texlive/texmf-dist/fonts/enc/dvips/lm/lm-mathit.enc}{/usr/share/texlive/texmf-dist/fonts/enc/dvips/lm/lm-rep-cmrm.enc}{/usr/share/texlive/texmf-dist/fonts/enc/dvips/cm-super/cm-super-ts1.enc}{/usr/share/texlive/texmf-dist/fonts/enc/dvips/lm/lm-mathex.enc}{/usr/share/texlive/texmf-dist/fonts/enc/dvips/lm/lm-rep-cmsc.enc}{/usr/share/texlive/texmf-dist/fonts/enc/dvips/lm/lm-rep-cmtt.enc}</usr/share/texlive/texmf-dist/fonts/type1/public/lm/lmbx10.pfb></usr/share/texlive/texmf-dist/fonts/type1/public/lm/lmcsc10.pfb></usr/share/texlive/texmf-dist/fonts/type1/public/lm/lmex10.pfb></usr/share/texlive/texmf-dist/fonts/type1/public/lm/lmmi10.pfb></usr/share/texlive/texmf-dist/fonts/type1/public/lm/lmmi5.pfb></usr/share/texlive/texmf-dist/fonts/type1/public/lm/lmmi6.pfb></usr/share/texlive/texmf-dist/fonts/type1/public/lm/lmmi7.pfb></usr/share/texlive/texmf-dist/fonts/type1/public/lm/lmmi8.pfb></usr/share/texlive/texmf-dist/fonts/type1/public/lm/lmr10.pfb></usr/share/texlive/texmf-dist/fonts/type1/public/lm/lmr12.pfb></usr/share/texlive/texmf-dist/fonts/type1/public/lm/lmr5.pfb></usr/share/texlive/texmf-dist/fonts/type1/public/lm/lmr6.pfb></usr/share/texlive/texmf-dist/fonts/type1/public/lm/lmr7.pfb></usr/share/texlive/texmf-dist/fonts/type1/public/lm/lmr8.pfb></usr/share/texlive/texmf-dist/fonts/type1/public/lm/lmri10.pfb></usr/share/texlive/texmf-dist/fonts/type1/public/lm/lmri7.pfb></usr/share/texlive/texmf-dist/fonts/type1/public/lm/lmss10.pfb></usr/share/texlive/texmf-dist/fonts/type1/public/lm/lmss8.pfb></usr/share/texlive/texmf-dist/fonts/type1/public/lm/lmsy10.pfb></usr/share/texlive/texmf-dist/fonts/type1/public/lm/lmsy5.pfb></usr/share/texlive/texmf-dist/fonts/type1/public/lm/lmsy7.pfb></usr/share/texlive/texmf-dist/fonts/type1/public/lm/lmsy8.pfb></usr/share/texlive/texmf-dist/fonts/type1/public/lm/lmtt12.pfb></usr/share/texlive/texmf-dist/fonts/type1/public/amsfonts/symbols/msam10.pfb></usr/share/texlive/texmf-dist/fonts/type1/public/amsfonts/symbols/msbm10.pfb></usr/share/texlive/texmf-dist/fonts/type1/public/amsfonts/symbols/msbm5.pfb></usr/share/texlive/texmf-dist/fonts/type1/public/amsfonts/symbols/msbm7.pfb></usr/share/texlive/texmf-dist/fonts/type1/public/cm-super/sfrm1000.pfb>
Output written on main.pdf (21 pages, 438705 bytes).
PDF statistics:
 476 PDF objects out of 1000 (max. 8388607)
 420 compressed objects within 5 object streams
 93 named destinations out of 1000 (max. 500000)
 317 words of extra memory for PDF output out of 10000 (max. 10000000)

