\BOOKMARK [1][-]{section.1}{\376\377\000C\000a\000t\000e\000g\000o\000r\000i\000e\000s}{}% 1
\BOOKMARK [1][-]{section.2}{\376\377\000F\000u\000n\000c\000t\000o\000r\000s\000\040\000a\000n\000d\000\040\000C\000o\000n\000s\000t\000r\000u\000c\000t\000i\000o\000n\000s\000\040\000o\000n\000\040\000C\000a\000t\000e\000g\000o\000r\000i\000e\000s}{}% 2
\BOOKMARK [1][-]{section.3}{\376\377\000N\000a\000t\000u\000r\000a\000l\000\040\000T\000r\000a\000n\000s\000f\000o\000r\000m\000a\000t\000i\000o\000n\000s\000\040\000a\000n\000d\000\040\000E\000q\000u\000i\000v\000a\000l\000e\000n\000c\000e\000s}{}% 3
\BOOKMARK [1][-]{section.4}{\376\377\000L\000i\000m\000i\000t\000s\000\040\000a\000n\000d\000\040\000C\000o\000l\000i\000m\000i\000t\000s}{}% 4
\BOOKMARK [2][-]{subsection*.1}{\376\377\000E\000x\000e\000r\000c\000i\000s\000e\000\040\0002\0001}{section.4}% 5
\BOOKMARK [2][-]{subsection*.2}{\376\377\000E\000x\000e\000r\000c\000i\000s\000e\000\040\0002\0002}{section.4}% 6
\BOOKMARK [2][-]{subsection*.3}{\376\377\000E\000x\000e\000r\000c\000i\000s\000e\000\040\0002\0003}{section.4}% 7
\BOOKMARK [2][-]{subsection*.4}{\376\377\000E\000x\000e\000r\000c\000i\000s\000e\000\040\0002\0004}{section.4}% 8
\BOOKMARK [2][-]{subsection*.5}{\376\377\000E\000x\000e\000r\000c\000i\000s\000e\000\040\0002\0005}{section.4}% 9
\BOOKMARK [2][-]{subsection*.6}{\376\377\000E\000x\000e\000r\000c\000i\000s\000e\000\040\0002\0006}{section.4}% 10
\BOOKMARK [2][-]{subsection*.7}{\376\377\000E\000x\000e\000r\000c\000i\000s\000e\000\040\0002\0007}{section.4}% 11
\BOOKMARK [2][-]{subsection*.8}{\376\377\000E\000x\000e\000r\000c\000i\000s\000e\000\040\0002\0008}{section.4}% 12
\BOOKMARK [2][-]{subsection*.9}{\376\377\000E\000x\000e\000r\000c\000i\000s\000e\000\040\0002\0009}{section.4}% 13
\BOOKMARK [2][-]{subsection*.10}{\376\377\000E\000x\000e\000r\000c\000i\000s\000e\000\040\0003\0000}{section.4}% 14
\BOOKMARK [1][-]{section.5}{\376\377\000C\000o\000m\000p\000l\000e\000t\000e\000\040\000C\000a\000t\000e\000g\000o\000r\000i\000e\000s}{}% 15
\BOOKMARK [2][-]{subsection*.11}{\376\377\000E\000x\000e\000r\000c\000i\000s\000e\000\040\0004\0002}{section.5}% 16
\BOOKMARK [2][-]{subsection*.12}{\376\377\000E\000x\000e\000r\000c\000i\000s\000e\000\040\0004\0003}{section.5}% 17
\BOOKMARK [2][-]{subsection*.13}{\376\377\000E\000x\000e\000r\000c\000i\000s\000e\000\040\0004\0004}{section.5}% 18
\BOOKMARK [2][-]{subsection*.14}{\376\377\000E\000x\000e\000r\000c\000i\000s\000e\000\040\0004\0005}{section.5}% 19
\BOOKMARK [2][-]{subsection*.15}{\376\377\000E\000x\000e\000r\000c\000i\000s\000e\000\040\0004\0006}{section.5}% 20
\BOOKMARK [1][-]{section.6}{\376\377\000C\000a\000r\000t\000e\000s\000i\000a\000n\000\040\000C\000l\000o\000s\000e\000d\000\040\000C\000a\000t\000e\000g\000o\000r\000i\000e\000s}{}% 21
\BOOKMARK [2][-]{subsection*.16}{\376\377\000E\000x\000e\000r\000c\000i\000s\000e\000\040\0004\0007}{section.6}% 22
\BOOKMARK [2][-]{subsection*.17}{\376\377\000E\000x\000e\000r\000c\000i\000s\000e\000\040\0004\0008}{section.6}% 23
\BOOKMARK [2][-]{subsection*.18}{\376\377\000E\000x\000e\000r\000c\000i\000s\000e\000\040\0004\0009}{section.6}% 24
\BOOKMARK [2][-]{subsection*.19}{\376\377\000E\000x\000e\000r\000c\000i\000s\000e\000\040\0005\0000}{section.6}% 25
\BOOKMARK [2][-]{subsection*.20}{\376\377\000E\000x\000e\000r\000c\000i\000s\000e\000\040\0005\0001}{section.6}% 26
\BOOKMARK [2][-]{subsection*.21}{\376\377\000E\000x\000e\000r\000c\000i\000s\000e\000\040\0005\0002}{section.6}% 27
\BOOKMARK [2][-]{subsection*.22}{\376\377\000E\000x\000e\000r\000c\000i\000s\000e\000\040\0005\0003}{section.6}% 28
\BOOKMARK [2][-]{subsection*.23}{\376\377\000E\000x\000e\000r\000c\000i\000s\000e\000\040\0005\0004}{section.6}% 29
\BOOKMARK [1][-]{section.7}{\376\377\000P\000r\000e\000s\000h\000e\000a\000v\000e\000s}{}% 30
\BOOKMARK [2][-]{subsection*.24}{\376\377\000E\000x\000e\000r\000c\000i\000s\000e\000\040\0005\0005}{section.7}% 31
\BOOKMARK [2][-]{subsection*.25}{\376\377\000E\000x\000e\000r\000c\000i\000s\000e\000\040\0008\000.\0001}{section.7}% 32
\BOOKMARK [2][-]{subsection*.26}{\376\377\000E\000x\000e\000r\000c\000i\000s\000e\000\040\0005\0006}{section.7}% 33
\BOOKMARK [2][-]{subsection*.27}{\376\377\000E\000x\000e\000r\000c\000i\000s\000e\000\040\0005\0007}{section.7}% 34
\BOOKMARK [2][-]{subsection*.28}{\376\377\000E\000x\000e\000r\000c\000i\000s\000e\000\040\0005\0008}{section.7}% 35
\BOOKMARK [2][-]{subsection*.29}{\376\377\000E\000x\000e\000r\000c\000i\000s\000e\000\040\0008\000.\0003}{section.7}% 36
\BOOKMARK [2][-]{subsection*.30}{\376\377\000E\000x\000e\000r\000c\000i\000s\000e\000\040\0005\0009}{section.7}% 37
\BOOKMARK [1][-]{section.8}{\376\377\000P\000r\000e\000s\000h\000e\000a\000v\000e\000s\000\040\000a\000s\000\040\000a\000\040\000T\000o\000p\000o\000s}{}% 38
